<?xml version="1.0" encoding="UTF-8"?>
<!-- Generated by org.testng.reporters.JUnitXMLReporter -->
<testsuite hostname="KarinaHPLaptop" ignored="1" name="Test(failed)" tests="1" failures="1" timestamp="27 Mar 2023 21:02:48 GMT" time="0.0" errors="0">
  <testcase name="searchSpecificProductTest" time="0.0" classname="com.project.extra.SearchProductTest">
    <failure type="java.lang.AssertionError" message="Some reason">
      <![CDATA[java.lang.AssertionError: Some reason
at com.project.extra.SearchProductTest.searchSpecificProductTest(SearchProductTest.java:15)
... Removed 30 stack frames]]>
    </failure>
  </testcase> <!-- searchSpecificProductTest -->
  <testcase name="SearchProductUser" time="0.0" classname="com.project.extra.SearchProductTest">
    <ignored/>
  </testcase> <!-- SearchProductUser -->
</testsuite> <!-- Test(failed) -->
