<?xml version="1.0" encoding="UTF-8"?>
<!-- Generated by org.testng.reporters.JUnitXMLReporter -->
<testsuite ignored="1" hostname="KarinaHPLaptop" failures="0" tests="1" name="Default test" time="0.022" errors="0" timestamp="28 Mar 2023 01:18:28 GMT">
  <testcase classname="com.project.extra.SearchProductTest" name="SearchProductUser" time="0.006"/>
  <testcase classname="com.project.extra.SearchProductTest" name="searchSpecificProductTest" time="0.0">
    <ignored/>
  </testcase> <!-- searchSpecificProductTest -->
</testsuite> <!-- Default test -->
