<?xml version="1.0" encoding="UTF-8"?>
<!-- Generated by org.testng.reporters.JUnitXMLReporter -->
<testsuite ignored="1" hostname="KarinaHPLaptop" failures="0" tests="4" name="Test" time="0.037" errors="0" timestamp="31 Mar 2023 21:18:34 GMT">
  <testcase classname="com.project.extra.RegisterTest" name="RegisterUser" time="0.009"/>
  <testcase classname="com.project.extra.LoginTest" name="LoginUser" time="0.001"/>
  <testcase classname="com.project.extra.SearchProductTest" name="SearchProductUser" time="0.001"/>
  <testcase classname="com.project.extra.LogoutTest" name="LogoutUser" time="0.001"/>
  <testcase classname="com.project.extra.SearchProductTest" name="searchSpecificProductTest" time="0.0">
    <ignored/>
  </testcase> <!-- searchSpecificProductTest -->
</testsuite> <!-- Test -->
