<?xml version="1.0" encoding="UTF-8"?>
<!-- Generated by org.testng.reporters.JUnitXMLReporter -->
<testsuite ignored="0" hostname="KarinaHPLaptop" failures="0" tests="4" name="Test" time="0.079" errors="0" timestamp="2023-03-23T22:57:09 EDT">
  <testcase classname="com.project.extra.RegisterTest" name="RegisterUser" time="0.014"/>
  <testcase classname="com.project.extra.LoginTest" name="LoginUser" time="0.002"/>
  <testcase classname="com.project.extra.SearchProductTest" name="SearchProductUser" time="0.003"/>
  <testcase classname="com.project.extra.LogoutTest" name="LogoutUser" time="0.002"/>
</testsuite> <!-- Test -->
