<?xml version="1.0" encoding="UTF-8"?>
<testng-results ignored="1" total="2" passed="1" failed="0" skipped="0">
  <reporter-output>
  </reporter-output>
  <suite started-at="2023-03-28T01:18:28Z" name="Default suite" finished-at="2023-03-28T01:18:28Z" duration-ms="22">
    <groups>
    </groups>
    <test started-at="2023-03-28T01:18:28Z" name="Default test" finished-at="2023-03-28T01:18:28Z" duration-ms="22">
      <class name="com.project.extra.SearchProductTest">
        <test-method signature="SearchProductUser()[pri:0, instance:com.project.extra.SearchProductTest@6581dc0a]" started-at="2023-03-28T01:18:28Z" name="SearchProductUser" finished-at="2023-03-28T01:18:28Z" duration-ms="6" status="PASS">
          <reporter-output>
          </reporter-output>
        </test-method> <!-- SearchProductUser -->
      </class> <!-- com.project.extra.SearchProductTest -->
    </test> <!-- Default test -->
  </suite> <!-- Default suite -->
</testng-results>
